  OBJECT_Player.cpp
C:\Users\Seungjun Lee\Desktop\Coding\AVOID-network\AVOID\AVOID\OBJECT_Player.h(47,32): warning C4244: 'return': 'float'에서 'int'(으)로 변환하면서 데이터가 손실될 수 있습니다.
C:\Users\Seungjun Lee\Desktop\Coding\AVOID-network\AVOID\AVOID\OBJECT_Player.h(48,32): warning C4244: 'return': 'float'에서 'int'(으)로 변환하면서 데이터가 손실될 수 있습니다.
C:\Users\Seungjun Lee\Desktop\Coding\AVOID-network\AVOID\AVOID\resource.h(1,1): warning C4819: 현재 코드 페이지(949)에서 표시할 수 없는 문자가 파일에 들어 있습니다. 데이터가 손실되지 않게 하려면 해당 파일을 유니코드 형식으로 저장하십시오.
C:\Users\Seungjun Lee\Desktop\Coding\AVOID-network\AVOID\AVOID\OBJECT_Player.cpp(48,10): warning C4244: '=': 'int'에서 'float'(으)로 변환하면서 데이터가 손실될 수 있습니다.
C:\Users\Seungjun Lee\Desktop\Coding\AVOID-network\AVOID\AVOID\OBJECT_Player.cpp(49,10): warning C4244: '=': 'int'에서 'float'(으)로 변환하면서 데이터가 손실될 수 있습니다.
C:\Users\Seungjun Lee\Desktop\Coding\AVOID-network\AVOID\AVOID\OBJECT_Player.cpp(99,48): warning C4244: '인수': 'float'에서 'int'(으)로 변환하면서 데이터가 손실될 수 있습니다.
C:\Users\Seungjun Lee\Desktop\Coding\AVOID-network\AVOID\AVOID\OBJECT_Player.cpp(99,26): warning C4244: '인수': 'float'에서 'int'(으)로 변환하면서 데이터가 손실될 수 있습니다.
C:\Users\Seungjun Lee\Desktop\Coding\AVOID-network\AVOID\AVOID\OBJECT_Player.cpp(103,49): warning C4244: '인수': 'float'에서 'int'(으)로 변환하면서 데이터가 손실될 수 있습니다.
C:\Users\Seungjun Lee\Desktop\Coding\AVOID-network\AVOID\AVOID\OBJECT_Player.cpp(103,28): warning C4244: '인수': 'float'에서 'int'(으)로 변환하면서 데이터가 손실될 수 있습니다.
C:\Users\Seungjun Lee\Desktop\Coding\AVOID-network\AVOID\AVOID\OBJECT_Player.cpp(111,50): warning C4244: '인수': 'float'에서 'int'(으)로 변환하면서 데이터가 손실될 수 있습니다.
C:\Users\Seungjun Lee\Desktop\Coding\AVOID-network\AVOID\AVOID\OBJECT_Player.cpp(111,29): warning C4244: '인수': 'float'에서 'int'(으)로 변환하면서 데이터가 손실될 수 있습니다.
C:\Users\Seungjun Lee\Desktop\Coding\AVOID-network\AVOID\AVOID\OBJECT_Player.cpp(114,50): warning C4244: '인수': 'float'에서 'int'(으)로 변환하면서 데이터가 손실될 수 있습니다.
C:\Users\Seungjun Lee\Desktop\Coding\AVOID-network\AVOID\AVOID\OBJECT_Player.cpp(114,29): warning C4244: '인수': 'float'에서 'int'(으)로 변환하면서 데이터가 손실될 수 있습니다.
C:\Users\Seungjun Lee\Desktop\Coding\AVOID-network\AVOID\AVOID\OBJECT_Player.cpp(121,42): warning C4244: '인수': 'float'에서 'int'(으)로 변환하면서 데이터가 손실될 수 있습니다.
C:\Users\Seungjun Lee\Desktop\Coding\AVOID-network\AVOID\AVOID\OBJECT_Player.cpp(131,43): warning C4244: '인수': 'float'에서 'int'(으)로 변환하면서 데이터가 손실될 수 있습니다.
C:\Users\Seungjun Lee\Desktop\Coding\AVOID-network\AVOID\AVOID\OBJECT_Player.cpp(142,43): warning C4244: '인수': 'float'에서 'int'(으)로 변환하면서 데이터가 손실될 수 있습니다.
C:\Users\Seungjun Lee\Desktop\Coding\AVOID-network\AVOID\AVOID\OBJECT_Player.cpp(152,9): warning C4244: 'return': 'float'에서 'int'(으)로 변환하면서 데이터가 손실될 수 있습니다.
C:\Users\Seungjun Lee\Desktop\Coding\AVOID-network\AVOID\AVOID\OBJECT_Player.cpp(157,9): warning C4244: 'return': 'float'에서 'int'(으)로 변환하면서 데이터가 손실될 수 있습니다.
C:\Users\Seungjun Lee\Desktop\Coding\AVOID-network\AVOID\AVOID\OBJECT_Player.cpp(212,9): warning C4244: '=': 'int'에서 'float'(으)로 변환하면서 데이터가 손실될 수 있습니다.
C:\Users\Seungjun Lee\Desktop\Coding\AVOID-network\AVOID\AVOID\OBJECT_Player.cpp(213,9): warning C4244: '=': 'int'에서 'float'(으)로 변환하면서 데이터가 손실될 수 있습니다.
C:\Users\Seungjun Lee\Desktop\Coding\AVOID-network\AVOID\AVOID\OBJECT_Player.cpp(216,43): warning C4244: '=': 'double'에서 'float'(으)로 변환하면서 데이터가 손실될 수 있습니다.
C:\Users\Seungjun Lee\Desktop\Coding\AVOID-network\AVOID\AVOID\OBJECT_Player.cpp(217,43): warning C4244: '=': 'double'에서 'float'(으)로 변환하면서 데이터가 손실될 수 있습니다.
C:\Users\Seungjun Lee\Desktop\Coding\AVOID-network\AVOID\AVOID\OBJECT_Player.cpp(218,29): warning C4244: '인수': 'float'에서 'int'(으)로 변환하면서 데이터가 손실될 수 있습니다.
C:\Users\Seungjun Lee\Desktop\Coding\AVOID-network\AVOID\AVOID\OBJECT_Player.cpp(218,20): warning C4244: '인수': 'float'에서 'int'(으)로 변환하면서 데이터가 손실될 수 있습니다.
  AVOID.vcxproj -> C:\Users\Seungjun Lee\Desktop\Coding\AVOID-network\AVOID\x64\Debug\AVOID.exe
